> [debug] [2026-03-02T13:55:41.413Z] Vercel CLI 50.25.4
> [debug] [2026-03-02T13:55:41.416Z] Agent/TTY/nonInteractive: isAgent=false agentName=none stdin.isTTY=true --non-interactive=false explicitFalse=false => nonInteractive=false
> [debug] [2026-03-02T13:55:41.416Z] user supplied a possible target for deployment or an extension
> [debug] [2026-03-02T13:55:41.423Z] failed to find extension command with name "vercel---prod"
> [debug] [2026-03-02T13:55:41.454Z] Setting target to production
> [debug] [2026-03-02T13:55:41.494Z] Spinner invoked (Retrieving project…) with a 1000ms delay
> [debug] [2026-03-02T13:55:41.495Z] Valid access token, skipping token refresh.
> [debug] [2026-03-02T13:55:41.516Z] #1 → GET https://api.vercel.com/teams/team_XRobSpNDEs8FbQX6O3PHnbsK?teamId=team_XRobSpNDEs8FbQX6O3PHnbsK
> [debug] [2026-03-02T13:55:41.517Z] #2 → GET https://api.vercel.com/v9/projects/prj_NzyswzjaJqE0yntDVKgfLcF7oH3O?teamId=team_XRobSpNDEs8FbQX6O3PHnbsK
> [debug] [2026-03-02T13:55:41.989Z] #1 ← 200 OK: sfo1::5bthr-1772459741786-4b37956132c4 [473ms]
> [debug] [2026-03-02T13:55:42.001Z] #2 ← 200 OK: sfo1::jv5dz-1772459741779-e6ceaf3d9f09 [484ms]
> [debug] [2026-03-02T13:55:42.049Z] Spinner invoked (Deploying matthew-wendels-projects/boltblue-profit-portal) with a 0ms delay
[client-debug] 2026-03-02T13:55:42.049Z Creating deployment...
[client-debug] 2026-03-02T13:55:42.049Z Provided 'path' is a directory.
[client-debug] 2026-03-02T13:55:42.051Z Found 26 rules in .vercelignore
[client-debug] 2026-03-02T13:55:42.051Z Building file tree...
[client-debug] 2026-03-02T13:55:42.057Z Found 31 files in the specified directory
[client-debug] 2026-03-02T13:55:42.061Z Yielding a 'hashes-calculated' event with 31 hashes
> [debug] [2026-03-02T13:55:42.062Z] #3 → GET https://api.vercel.com/v9/projects/boltblue-profit-portal?teamId=team_XRobSpNDEs8FbQX6O3PHnbsK
> [debug] [2026-03-02T13:55:42.261Z] #3 ← 200 OK: sfo1::ptj47-1772459742032-4c8ddb00c58d [198ms]
[client-debug] 2026-03-02T13:55:42.263Z Using provided API URL: https://api.vercel.com
[client-debug] 2026-03-02T13:55:42.263Z Using provided user agent: vercel 50.25.4 node-v24.11.1 linux (x64)
[client-debug] 2026-03-02T13:55:42.263Z Setting platform version to harcoded value 2
[client-debug] 2026-03-02T13:55:42.263Z Creating the deployment and starting upload...
[client-debug] 2026-03-02T13:55:42.263Z Determining necessary files for upload...
[client-debug] 2026-03-02T13:55:42.264Z Creating deployment
[client-debug] 2026-03-02T13:55:42.265Z Sending deployment creation API request
[client-debug] 2026-03-02T13:55:42.577Z Deployment response: {"error":{"code":"missing_files","message":"Missing files","missing":["668efe2478abb074484d8f2bec63e74c5c081efb"]}}
[client-debug] 2026-03-02T13:55:42.577Z Error: Deployment request status is 400
[client-debug] 2026-03-02T13:55:42.577Z 1 files are required to upload
[client-debug] 2026-03-02T13:55:42.577Z Yielding a 'file-count' event
> [debug] [2026-03-02T13:55:42.577Z] Total files 31, 1 changed
> [debug] [2026-03-02T13:55:42.578Z] Spinner invoked (Uploading [--------------------] (0.0B/1.6KB)) with a 0ms delay
[client-debug] 2026-03-02T13:55:42.580Z Building an upload list...
[client-debug] 2026-03-02T13:55:42.581Z Starting upload
[client-debug] 2026-03-02T13:55:42.581Z POST https://api.vercel.com/v2/files?teamId=team_XRobSpNDEs8FbQX6O3PHnbsK
> [debug] [2026-03-02T13:55:42.582Z] Spinner invoked (Uploading [====================] (1.6KB/1.6KB)) with a 0ms delay
[client-debug] 2026-03-02T13:55:42.852Z DONE in 271ms: POST https://api.vercel.com/v2/files?teamId=team_XRobSpNDEs8FbQX6O3PHnbsK
[client-debug] 2026-03-02T13:55:42.853Z File 668efe2478abb074484d8f2bec63e74c5c081efb (/workspaces/boltblue-profit-portal/vercel-prod-debug.log) uploaded
[client-debug] 2026-03-02T13:55:42.853Z Yielding a 'file-uploaded' event
> [debug] [2026-03-02T13:55:42.853Z] Uploaded: /workspaces/boltblue-profit-portal/vercel-prod-debug.log (1.61KB)
[client-debug] 2026-03-02T13:55:42.853Z All files uploaded
[client-debug] 2026-03-02T13:55:42.853Z Yielding a 'all-files-uploaded' event
[client-debug] 2026-03-02T13:55:42.853Z Starting deployment creation
[client-debug] 2026-03-02T13:55:42.853Z Creating deployment
[client-debug] 2026-03-02T13:55:42.853Z Sending deployment creation API request
[client-debug] 2026-03-02T13:55:44.008Z Deployment response: {"alias":["boltblue-profit-portal-matthew-wendels-projects.vercel.app","boltblue-profit-portal-mattypumba-matthew-wendels-projects.vercel.app"],"aliasAssigned":false,"automaticAliases":["boltblue-profit-portal-matthew-wendels-projects.vercel.app","boltblue-profit-portal-mattypumba-matthew-wendels-projects.vercel.app"],"bootedAt":1772459743153,"buildingAt":1772459743153,"buildSkipped":false,"createdAt":1772459743153,"creator":{"uid":"pRgRofemXhLw55Sn2GwNHGiT","username":"mattypumba"},"id":"dpl_VnPTwB31mThwSVxLQ6cyy3ZFi7SK","name":"boltblue-profit-portal","meta":{"githubCommitAuthorName":"MattyPumba","githubCommitAuthorEmail":"matty.pumba@gmail.com","githubCommitMessage":"Do NOT prerender this page at build time","githubCommitOrg":"ProfitClarity-Systems","githubCommitRef":"main","githubCommitRepo":"boltblue-profit-portal","githubCommitSha":"fee4cb12eddb40178e5faf2bcdf41a2b16d8e1ee","githubDeployment":"1","githubOrg":"ProfitClarity-Systems","githubRepo":"boltblue-profit-portal","gitDirty":"1"},"originCacheRegion":"iad1","project":{"id":"prj_NzyswzjaJqE0yntDVKgfLcF7oH3O","name":"boltblue-profit-portal","framework":"nextjs"},"public":false,"readyState":"INITIALIZING","regions":["iad1"],"source":"cli","status":"INITIALIZING","target":"production","team":{"id":"team_XRobSpNDEs8FbQX6O3PHnbsK","name":"Matthew Wendel's projects","slug":"matthew-wendels-projects"},"type":"LAMBDAS","url":"boltblue-profit-portal-4l4cpavbt-matthew-wendels-projects.vercel.app","version":2,"previewCommentsEnabled":true,"oidcTokenClaims":{"sub":"owner:matthew-wendels-projects:project:boltblue-profit-portal:environment:production","iss":"https://oidc.vercel.com/matthew-wendels-projects","scope":"owner:matthew-wendels-projects:project:boltblue-profit-portal:environment:production","aud":"https://vercel.com/matthew-wendels-projects","owner":"matthew-wendels-projects","owner_id":"team_XRobSpNDEs8FbQX6O3PHnbsK","project":"boltblue-profit-portal","project_id":"prj_NzyswzjaJqE0yntDVKgfLcF7oH3O","environment":"production","plan":"hobby"},"nodeVersion":"20.x","lambdas":[{"id":"bld_otqz0l7n0","createdAt":1772459743473,"entrypoint":".","readyState":"READY","readyStateAt":1772459743473,"output":[]}],"aliasAssignedAt":null,"build":{"env":[]},"builds":[],"createdIn":"sfo1","env":[],"functions":null,"inspectorUrl":"https://vercel.com/matthew-wendels-projects/boltblue-profit-portal/VnPTwB31mThwSVxLQ6cyy3ZFi7SK","isInConcurrentBuildsQueue":false,"isInSystemBuildsQueue":true,"ownerId":"team_XRobSpNDEs8FbQX6O3PHnbsK","plan":"hobby","projectId":"prj_NzyswzjaJqE0yntDVKgfLcF7oH3O","projectSettings":{"buildCommand":null,"devCommand":null,"framework":"nextjs","commandForIgnoringBuildStep":null,"installCommand":null,"outputDirectory":null,"speedInsights":{"id":"0sBQMZ29p1rlts9Mlrp8KDRycx9","hasData":false},"webAnalytics":{"id":"lFaAP2ZwcpViiQnCODLrSVosn"},"nodeVersion":"20.x"},"routes":null,"config":{"version":1,"secureComputePrimaryRegion":null,"secureComputeFallbackRegion":null,"functionTimeout":300,"functionType":"fluid","functionMemoryType":"standard","isUsingActiveCPU":true,"resourceConfig":{"buildQueue":{"configuration":"SKIP_NAMESPACE_QUEUE"}}}}
[client-debug] 2026-03-02T13:55:44.008Z Deployment created
[client-debug] 2026-03-02T13:55:44.008Z Yielding a 'created' event
Inspect: https://vercel.com/matthew-wendels-projects/boltblue-profit-portal/VnPTwB31mThwSVxLQ6cyy3ZFi7SK [2s]
Production: https://boltblue-profit-portal-4l4cpavbt-matthew-wendels-projects.vercel.app [2s]
https://boltblue-profit-portal-4l4cpavbt-matthew-wendels-projects.vercel.app> [debug] [2026-03-02T13:55:44.009Z] Spinner invoked (Building...) with a 0ms delay
> [debug] [2026-03-02T13:55:44.009Z] #4 → GET https://api.vercel.com/v2/user
[client-debug] 2026-03-02T13:55:44.009Z Waiting for deployment to be ready...
[client-debug] 2026-03-02T13:55:44.010Z Waiting for builds and the deployment to complete...
> [debug] [2026-03-02T13:55:44.179Z] #4 ← 200 OK: sfo1::5nxsk-1772459743980-1862680ca4d1 [170ms]
> [debug] [2026-03-02T13:55:44.192Z] #5 → GET https://api.vercel.com/v3/now/deployments/dpl_VnPTwB31mThwSVxLQ6cyy3ZFi7SK/events?direction=forward&follow=1&format=lines&teamId=team_XRobSpNDEs8FbQX6O3PHnbsK
[client-debug] 2026-03-02T13:55:45.789Z Deployment state changed to BUILDING
[client-debug] 2026-03-02T13:55:45.789Z Yielding a 'building' event
> [debug] [2026-03-02T13:55:45.789Z] Spinner invoked (Building...) with a 0ms delay
> [debug] [2026-03-02T13:55:47.089Z] #5 ← 200 OK: sfo1::w6s57-1772459744162-b8132e41344a [2.90s]
> [debug] [2026-03-02T13:55:47.091Z] Spinner invoked (Building: Running build in Washington, D.C., USA (East) – iad1) with a 0ms delay
> [debug] [2026-03-02T13:55:47.091Z] Spinner invoked (Building: Build machine configuration: 2 cores, 8 GB) with a 0ms delay
> [debug] [2026-03-02T13:55:47.091Z] Spinner invoked (Building: Retrieving list of deployment files...) with a 0ms delay
> [debug] [2026-03-02T13:55:47.091Z] Spinner invoked (Building: Previous build caches not available.) with a 0ms delay
> [debug] [2026-03-02T13:55:47.091Z] Spinner invoked (Building: Downloading 31 deployment files...) with a 0ms delay
> [debug] [2026-03-02T13:55:50.458Z] Spinner invoked (Building: Running "vercel build") with a 0ms delay
> [debug] [2026-03-02T13:55:50.458Z] Spinner invoked (Building: Vercel CLI 50.23.2) with a 0ms delay
> [debug] [2026-03-02T13:55:52.079Z] Spinner invoked (Building: Installing dependencies...) with a 0ms delay
> [debug] [2026-03-02T13:55:55.218Z] Spinner invoked (Building: npm warn deprecated node-domexception@1.0.0: Use your platform's native DOMException instead) with a 0ms delay
> [debug] [2026-03-02T13:55:56.713Z] Spinner invoked (Building: npm warn deprecated glob@10.5.0: Old versions of glob are not supported, and contain widely publicized security vulnerabilities, which have been fixed in the current version. Please update. Support for old versions may be purchased (at exorbitant rates) by contacting i@izs.me) with a 0ms delay
> [debug] [2026-03-02T13:56:07.827Z] Spinner invoked (Building: added 488 packages in 16s) with a 0ms delay
> [debug] [2026-03-02T13:56:07.827Z] Spinner invoked (Building: 169 packages are looking for funding) with a 0ms delay
> [debug] [2026-03-02T13:56:07.827Z] Spinner invoked (Building: run `npm fund` for details) with a 0ms delay
> [debug] [2026-03-02T13:56:07.827Z] Spinner invoked (Building: Detected Next.js version: 16.1.6) with a 0ms delay
> [debug] [2026-03-02T13:56:07.827Z] Spinner invoked (Building: Running "npm run build") with a 0ms delay
> [debug] [2026-03-02T13:56:07.827Z] Spinner invoked (Building: > boltblue-profit-portal@0.1.0 build) with a 0ms delay
> [debug] [2026-03-02T13:56:07.827Z] Spinner invoked (Building: > next build) with a 0ms delay
> [debug] [2026-03-02T13:56:09.447Z] Spinner invoked (Building: Attention: Next.js now collects completely anonymous telemetry regarding usage.) with a 0ms delay
> [debug] [2026-03-02T13:56:09.447Z] Spinner invoked (Building: This information is used to shape Next.js' roadmap and prioritize features.) with a 0ms delay
> [debug] [2026-03-02T13:56:09.447Z] Spinner invoked (Building: You can learn more, including how to opt-out if you'd not like to participate in this anonymous program, by visiting the following URL:) with a 0ms delay
> [debug] [2026-03-02T13:56:09.447Z] Spinner invoked (Building: https://nextjs.org/telemetry) with a 0ms delay
> [debug] [2026-03-02T13:56:09.447Z] Spinner invoked (Building: ▲ Next.js 16.1.6 (Turbopack)) with a 0ms delay
> [debug] [2026-03-02T13:56:09.447Z] Spinner invoked (Building: ⚠ The "middleware" file convention is deprecated. Please use "proxy" instead. Learn more: https://nextjs.org/docs/messages/middleware-to-proxy) with a 0ms delay
> [debug] [2026-03-02T13:56:09.447Z] Spinner invoked (Building: Creating an optimized production build ...) with a 0ms delay
> [debug] [2026-03-02T13:56:23.176Z] Spinner invoked (Building: ✓ Compiled successfully in 13.3s) with a 0ms delay
> [debug] [2026-03-02T13:56:23.176Z] Spinner invoked (Building: Running TypeScript ...) with a 0ms delay
> [debug] [2026-03-02T13:56:29.987Z] Spinner invoked (Building: Collecting page data using 1 worker ...) with a 0ms delay
> [debug] [2026-03-02T13:56:29.987Z] Spinner invoked (Building: Generating static pages using 1 worker (0/7) ...) with a 0ms delay
> [debug] [2026-03-02T13:56:29.987Z] Spinner invoked (Building: Generating static pages using 1 worker (1/7)) with a 0ms delay
> [debug] [2026-03-02T13:56:29.987Z] Spinner invoked (Building: Generating static pages using 1 worker (3/7)) with a 0ms delay
> [debug] [2026-03-02T13:56:29.987Z] Spinner invoked (Building: Generating static pages using 1 worker (5/7)) with a 0ms delay
> [debug] [2026-03-02T13:56:29.987Z] Spinner invoked (Building: ✓ Generating static pages using 1 worker (7/7) in 252.4ms) with a 0ms delay
> [debug] [2026-03-02T13:56:29.987Z] Spinner invoked (Building: Finalizing page optimization ...) with a 0ms delay
> [debug] [2026-03-02T13:56:29.987Z] Spinner invoked (Building: Route (app)) with a 0ms delay
> [debug] [2026-03-02T13:56:29.987Z] Spinner invoked (Building: ┌ ○ /) with a 0ms delay
> [debug] [2026-03-02T13:56:29.987Z] Spinner invoked (Building: ├ ○ /_not-found) with a 0ms delay
> [debug] [2026-03-02T13:56:29.987Z] Spinner invoked (Building: ├ ƒ /api/sync/ga4-traffic) with a 0ms delay
> [debug] [2026-03-02T13:56:29.987Z] Spinner invoked (Building: ├ ƒ /api/sync/pipedrive-deals) with a 0ms delay
> [debug] [2026-03-02T13:56:29.987Z] Spinner invoked (Building: ├ ○ /login) with a 0ms delay
> [debug] [2026-03-02T13:56:29.987Z] Spinner invoked (Building: ├ ○ /reports) with a 0ms delay
> [debug] [2026-03-02T13:56:29.987Z] Spinner invoked (Building: └ ○ /reports/master-funnel) with a 0ms delay
> [debug] [2026-03-02T13:56:29.988Z] Spinner invoked (Building: ƒ Proxy (Middleware)) with a 0ms delay
> [debug] [2026-03-02T13:56:29.988Z] Spinner invoked (Building: ○  (Static)   prerendered as static content) with a 0ms delay
> [debug] [2026-03-02T13:56:29.988Z] Spinner invoked (Building: ƒ  (Dynamic)  server-rendered on demand) with a 0ms delay
> [debug] [2026-03-02T13:56:29.988Z] Spinner invoked (Building: Traced Next.js server files in: 35.36ms) with a 0ms delay
> [debug] [2026-03-02T13:56:29.988Z] Spinner invoked (Building: Created all serverless functions in: 182.779ms) with a 0ms delay
> [debug] [2026-03-02T13:56:29.988Z] Spinner invoked (Building: Collected static files (public/, static/, .next/static): 2.886ms) with a 0ms delay
> [debug] [2026-03-02T13:56:29.988Z] Spinner invoked (Building: Build Completed in /vercel/output [39s]) with a 0ms delay
> [debug] [2026-03-02T13:56:29.988Z] Spinner invoked (Building: Deploying outputs...) with a 0ms delay
> [debug] [2026-03-02T13:56:55.510Z] Spinner invoked (Building: Error: We encountered an internal error. Please try again.) with a 0ms delay
[client-debug] 2026-03-02T13:57:03.978Z Yielding a 'error' event
> [debug] [2026-03-02T13:57:03.984Z] Error: Error: We encountered an internal error. Please try again.
Error: We encountered an internal error. Please try again.
    at Now.handleDeploymentError (file:///usr/local/share/nvm/versions/node/v24.11.1/lib/node_modules/vercel/dist/chunks/chunk-7PX7XQE5.js:4712:12)
    at processDeployment (file:///usr/local/share/nvm/versions/node/v24.11.1/lib/node_modules/vercel/dist/chunks/chunk-7PX7XQE5.js:4476:33)
    at process.processTicksAndRejections (node:internal/process/task_queues:103:5)
    at async Now.create (file:///usr/local/share/nvm/versions/node/v24.11.1/lib/node_modules/vercel/dist/chunks/chunk-7PX7XQE5.js:4605:24)
    at async createDeploy (file:///usr/local/share/nvm/versions/node/v24.11.1/lib/node_modules/vercel/dist/commands/deploy/index.js:169:12)
    at async handleDefaultDeploy (file:///usr/local/share/nvm/versions/node/v24.11.1/lib/node_modules/vercel/dist/commands/deploy/index.js:1236:18)
    at async main (file:///usr/local/share/nvm/versions/node/v24.11.1/lib/node_modules/vercel/dist/index.js:24076:18)
> [debug] [2026-03-02T13:57:03.985Z] handling error: Error: We encountered an internal error. Please try again.
    at Now.handleDeploymentError (file:///usr/local/share/nvm/versions/node/v24.11.1/lib/node_modules/vercel/dist/chunks/chunk-7PX7XQE5.js:4712:12)
    at processDeployment (file:///usr/local/share/nvm/versions/node/v24.11.1/lib/node_modules/vercel/dist/chunks/chunk-7PX7XQE5.js:4476:33)
    at process.processTicksAndRejections (node:internal/process/task_queues:103:5)
    at async Now.create (file:///usr/local/share/nvm/versions/node/v24.11.1/lib/node_modules/vercel/dist/chunks/chunk-7PX7XQE5.js:4605:24)
    at async createDeploy (file:///usr/local/share/nvm/versions/node/v24.11.1/lib/node_modules/vercel/dist/commands/deploy/index.js:169:12)
    at async handleDefaultDeploy (file:///usr/local/share/nvm/versions/node/v24.11.1/lib/node_modules/vercel/dist/commands/deploy/index.js:1236:18)
    at async main (file:///usr/local/share/nvm/versions/node/v24.11.1/lib/node_modules/vercel/dist/index.js:24076:18)
Error: We encountered an internal error. Please try again.
> [debug] [2026-03-02T13:57:05.076Z] Telemetry event tracked
> [debug] [2026-03-02T13:57:05.099Z] Telemetry subprocess exited with code 0
