> [debug] [2026-03-02T13:25:31.301Z] Vercel CLI 50.25.4
> [debug] [2026-03-02T13:25:31.304Z] Agent/TTY/nonInteractive: isAgent=false agentName=none stdin.isTTY=true --non-interactive=false explicitFalse=false => nonInteractive=false
> [debug] [2026-03-02T13:25:31.304Z] user supplied a possible target for deployment or an extension
> [debug] [2026-03-02T13:25:31.311Z] failed to find extension command with name "vercel---prod"
> [debug] [2026-03-02T13:25:31.349Z] Setting target to production
> [debug] [2026-03-02T13:25:31.436Z] Spinner invoked (Retrieving project…) with a 1000ms delay
> [debug] [2026-03-02T13:25:31.438Z] Valid access token, skipping token refresh.
> [debug] [2026-03-02T13:25:31.455Z] #1 → GET https://api.vercel.com/teams/team_XRobSpNDEs8FbQX6O3PHnbsK?teamId=team_XRobSpNDEs8FbQX6O3PHnbsK
> [debug] [2026-03-02T13:25:31.457Z] #2 → GET https://api.vercel.com/v9/projects/prj_BgtQ8MWfSkw319ykAFjiJwE6e6Ue?teamId=team_XRobSpNDEs8FbQX6O3PHnbsK
> [debug] [2026-03-02T13:25:31.942Z] #2 ← 404 Not Found: sfo1::jgx9x-1772457931741-76a4f35863fd [485ms]
> [debug] [2026-03-02T13:25:31.962Z] #1 ← 200 OK: sfo1::rr7hb-1772457931742-9248abafef7e [507ms]
Your Project was either deleted, transferred to a new Team, or you don’t have access to it anymore.
? Set up and deploy “/workspaces/boltblue-profit-portal”? (Y/n)[65G[2K[G? Set up and deploy “/workspaces/boltblue-profit-portal”? (Y/n) y[66G[2K[G? Set up and deploy “/workspaces/boltblue-profit-portal”? yes[62G
[?25h> [debug] [2026-03-02T13:25:36.953Z] Spinner invoked (Loading scopes…) with a 1000ms delay
> [debug] [2026-03-02T13:25:36.954Z] #3 → GET https://api.vercel.com/v2/user
> [debug] [2026-03-02T13:25:36.955Z] #4 → GET https://api.vercel.com/v1/teams
> [debug] [2026-03-02T13:25:37.127Z] #3 ← 200 OK: sfo1::pqd5t-1772457936949-d1c7722c8082 [173ms]
> [debug] [2026-03-02T13:25:37.151Z] #4 ← 200 OK: sfo1::j94wl-1772457936944-bafc69c465ba [196ms]
? Which scope should contain your project? (Use arrow keys)
❯ Matthew Wendel's projects[?25l[28G[2K[1A[2K[G? Which scope should contain your project? Matthew Wendel's projects[69G
[?25h> [debug] [2026-03-02T13:25:42.842Z] Spinner invoked (Searching for existing projects…) with a 1000ms delay
> [debug] [2026-03-02T13:25:42.842Z] #5 → GET https://api.vercel.com/v9/projects/boltblue-profit-portal?teamId=team_XRobSpNDEs8FbQX6O3PHnbsK
> [debug] [2026-03-02T13:25:43.022Z] #5 ← 404 Not Found: sfo1::kcd9n-1772457942832-b1ff26e02c2e [179ms]
? Link to existing project? (y/N)[35G[2K[G? Link to existing project? (y/N) n[36G[2K[G? Link to existing project? no[31G
[?25h? What’s your project’s name? (boltblue-profit-portal)[56G[2K[G⠋ What’s your project’s name? (boltblue-profit-portal)[56G> [debug] [2026-03-02T13:25:57.347Z] #6 → GET https://api.vercel.com/v9/projects/boltblue-profit-portal?teamId=team_XRobSpNDEs8FbQX6O3PHnbsK
[2K[G⠙ What’s your project’s name? (boltblue-profit-portal)[56G[2K[G⠹ What’s your project’s name? (boltblue-profit-portal)[56G> [debug] [2026-03-02T13:25:57.524Z] #6 ← 404 Not Found: sfo1::x7hkd-1772457957337-93ef62128578 [177ms]
[2K[G⠹ What’s your project’s name? boltblue-profit-portal[53G[2K[G? What’s your project’s name? boltblue-profit-portal[53G
[?25h? In which directory is your code located? ./[46G[2K[G⠋ In which directory is your code located? ./[46G[2K[G? In which directory is your code located? ./[46G
[?25h> Auto-detected Project Settings for Next.js

? Want to modify these settings? (y/N)[40G[2K[G? Want to modify these settings? (y/N) n[41G[2K[G? Want to modify these settings? no[36G
[?25h? Do you want to change additional project settings? (y/N)[60G[2K[G? Do you want to change additional project settings? (y/N) n[61G[2K[G? Do you want to change additional project settings? no[56G
[?25h> [debug] [2026-03-02T13:26:07.586Z] #7 → POST https://api.vercel.com/v1/projects?teamId=team_XRobSpNDEs8FbQX6O3PHnbsK
> [debug] [2026-03-02T13:26:07.866Z] #7 ← 200 OK: sfo1::twbmt-1772457967576-cad082c88cd6 [280ms]
> [debug] [2026-03-02T13:26:07.898Z] Found git root via "git rev-parse --show-toplevel" - detected "/workspaces/boltblue-profit-portal" as repo root
Linked to matthew-wendels-projects/boltblue-profit-portal (created .vercel)
? Detected a repository. Connect it to this project? (Y/n)[60G[2K[G? Detected a repository. Connect it to this project? (Y/n) n[61G[2K[G? Detected a repository. Connect it to this project? no[56G
[?25h> [debug] [2026-03-02T13:26:09.685Z] Spinner invoked (Deploying matthew-wendels-projects/boltblue-profit-portal) with a 0ms delay
[client-debug] 2026-03-02T13:26:09.685Z Creating deployment...
[client-debug] 2026-03-02T13:26:09.686Z Provided 'path' is a directory.
[client-debug] 2026-03-02T13:26:09.688Z Found 26 rules in .vercelignore
[client-debug] 2026-03-02T13:26:09.688Z Building file tree...
[client-debug] 2026-03-02T13:26:09.695Z Found 29 files in the specified directory
[client-debug] 2026-03-02T13:26:09.702Z Yielding a 'hashes-calculated' event with 29 hashes
> [debug] [2026-03-02T13:26:09.702Z] #8 → GET https://api.vercel.com/v9/projects/boltblue-profit-portal?teamId=team_XRobSpNDEs8FbQX6O3PHnbsK
> [debug] [2026-03-02T13:26:09.898Z] #8 ← 200 OK: sfo1::chpvm-1772457969691-b1ae5dd21ae3 [196ms]
[client-debug] 2026-03-02T13:26:09.899Z Using provided API URL: https://api.vercel.com
[client-debug] 2026-03-02T13:26:09.900Z Using provided user agent: vercel 50.25.4 node-v24.11.1 linux (x64)
[client-debug] 2026-03-02T13:26:09.900Z Setting platform version to harcoded value 2
[client-debug] 2026-03-02T13:26:09.900Z Creating the deployment and starting upload...
[client-debug] 2026-03-02T13:26:09.900Z Determining necessary files for upload...
[client-debug] 2026-03-02T13:26:09.900Z Creating deployment
[client-debug] 2026-03-02T13:26:09.901Z Sending deployment creation API request
[client-debug] 2026-03-02T13:26:10.120Z Deployment response: {"error":{"code":"missing_files","message":"Missing files","missing":["6ce060996c7cacb5b95fcc11d2f1891276666524","aee7da637d4063733e8209c5728f3f56faac475c"]}}
[client-debug] 2026-03-02T13:26:10.120Z Error: Deployment request status is 400
[client-debug] 2026-03-02T13:26:10.120Z 2 files are required to upload
[client-debug] 2026-03-02T13:26:10.120Z Yielding a 'file-count' event
> [debug] [2026-03-02T13:26:10.120Z] Total files 29, 2 changed
> [debug] [2026-03-02T13:26:10.121Z] Spinner invoked (Uploading [--------------------] (0.0B/5.7KB)) with a 0ms delay
[client-debug] 2026-03-02T13:26:10.121Z Building an upload list...
[client-debug] 2026-03-02T13:26:10.122Z Starting upload
[client-debug] 2026-03-02T13:26:10.123Z POST https://api.vercel.com/v2/files?teamId=team_XRobSpNDEs8FbQX6O3PHnbsK
[client-debug] 2026-03-02T13:26:10.123Z POST https://api.vercel.com/v2/files?teamId=team_XRobSpNDEs8FbQX6O3PHnbsK
> [debug] [2026-03-02T13:26:10.124Z] Spinner invoked (Uploading [=================---] (4.9KB/5.7KB)) with a 0ms delay
> [debug] [2026-03-02T13:26:10.125Z] Spinner invoked (Uploading [====================] (5.7KB/5.7KB)) with a 0ms delay
[client-debug] 2026-03-02T13:26:10.393Z DONE in 270ms: POST https://api.vercel.com/v2/files?teamId=team_XRobSpNDEs8FbQX6O3PHnbsK
[client-debug] 2026-03-02T13:26:10.393Z File aee7da637d4063733e8209c5728f3f56faac475c (/workspaces/boltblue-profit-portal/package.json) uploaded
[client-debug] 2026-03-02T13:26:10.393Z Yielding a 'file-uploaded' event
> [debug] [2026-03-02T13:26:10.393Z] Uploaded: /workspaces/boltblue-profit-portal/package.json (804B)
[client-debug] 2026-03-02T13:26:10.394Z DONE in 271ms: POST https://api.vercel.com/v2/files?teamId=team_XRobSpNDEs8FbQX6O3PHnbsK
[client-debug] 2026-03-02T13:26:10.394Z File 6ce060996c7cacb5b95fcc11d2f1891276666524 (/workspaces/boltblue-profit-portal/vercel-debug.log) uploaded
[client-debug] 2026-03-02T13:26:10.394Z Yielding a 'file-uploaded' event
> [debug] [2026-03-02T13:26:10.394Z] Uploaded: /workspaces/boltblue-profit-portal/vercel-debug.log (4.92KB)
[client-debug] 2026-03-02T13:26:10.394Z All files uploaded
[client-debug] 2026-03-02T13:26:10.394Z Yielding a 'all-files-uploaded' event
[client-debug] 2026-03-02T13:26:10.394Z Starting deployment creation
[client-debug] 2026-03-02T13:26:10.395Z Creating deployment
[client-debug] 2026-03-02T13:26:10.395Z Sending deployment creation API request
[client-debug] 2026-03-02T13:26:11.493Z Deployment response: {"alias":["boltblue-profit-portal-matthew-wendels-projects.vercel.app","boltblue-profit-portal-mattypumba-matthew-wendels-projects.vercel.app"],"aliasAssigned":false,"automaticAliases":["boltblue-profit-portal-matthew-wendels-projects.vercel.app","boltblue-profit-portal-mattypumba-matthew-wendels-projects.vercel.app"],"bootedAt":1772457970761,"buildingAt":1772457970761,"buildSkipped":false,"createdAt":1772457970761,"creator":{"uid":"pRgRofemXhLw55Sn2GwNHGiT","username":"mattypumba"},"id":"dpl_ByQMe4pBkyndcv3wTCtnu7eezYkr","name":"boltblue-profit-portal","meta":{"githubCommitAuthorName":"MattyPumba","githubCommitAuthorEmail":"matty.pumba@gmail.com","githubCommitMessage":"chore: pin node 20 for vercel","githubCommitOrg":"ProfitClarity-Systems","githubCommitRef":"main","githubCommitRepo":"boltblue-profit-portal","githubCommitSha":"3b0c407018b7631406c412aa44f4dd572c5434d0","githubDeployment":"1","githubOrg":"ProfitClarity-Systems","githubRepo":"boltblue-profit-portal","gitDirty":"1"},"originCacheRegion":"iad1","project":{"id":"prj_dwrvPaQ5OhXul5sxWsJ67sf4DjX4","name":"boltblue-profit-portal","framework":"nextjs"},"public":false,"readyState":"INITIALIZING","regions":["iad1"],"source":"cli","status":"INITIALIZING","target":"production","team":{"id":"team_XRobSpNDEs8FbQX6O3PHnbsK","name":"Matthew Wendel's projects","slug":"matthew-wendels-projects"},"type":"LAMBDAS","url":"boltblue-profit-portal-apit0mnhu-matthew-wendels-projects.vercel.app","version":2,"previewCommentsEnabled":true,"oidcTokenClaims":{"sub":"owner:matthew-wendels-projects:project:boltblue-profit-portal:environment:production","iss":"https://oidc.vercel.com/matthew-wendels-projects","scope":"owner:matthew-wendels-projects:project:boltblue-profit-portal:environment:production","aud":"https://vercel.com/matthew-wendels-projects","owner":"matthew-wendels-projects","owner_id":"team_XRobSpNDEs8FbQX6O3PHnbsK","project":"boltblue-profit-portal","project_id":"prj_dwrvPaQ5OhXul5sxWsJ67sf4DjX4","environment":"production","plan":"hobby"},"nodeVersion":"20.x","lambdas":[{"id":"bld_p448oxaes","createdAt":1772457970977,"entrypoint":".","readyState":"READY","readyStateAt":1772457970977,"output":[]}],"aliasAssignedAt":null,"build":{"env":[]},"builds":[],"createdIn":"sfo1","env":[],"functions":null,"inspectorUrl":"https://vercel.com/matthew-wendels-projects/boltblue-profit-portal/ByQMe4pBkyndcv3wTCtnu7eezYkr","isInConcurrentBuildsQueue":false,"isInSystemBuildsQueue":true,"ownerId":"team_XRobSpNDEs8FbQX6O3PHnbsK","plan":"hobby","projectId":"prj_dwrvPaQ5OhXul5sxWsJ67sf4DjX4","projectSettings":{"buildCommand":null,"devCommand":null,"framework":"nextjs","commandForIgnoringBuildStep":null,"installCommand":null,"outputDirectory":null,"speedInsights":{"id":"elaDHDj56j7olVqhE5DbrxXXFsY","hasData":false},"webAnalytics":{"id":"NYHb69nS0gOFzCmEpglohmU6g"},"nodeVersion":"20.x"},"routes":null,"config":{"version":1,"secureComputePrimaryRegion":null,"secureComputeFallbackRegion":null,"functionTimeout":300,"functionType":"fluid","functionMemoryType":"standard","isUsingActiveCPU":true,"resourceConfig":{"buildQueue":{"configuration":"SKIP_NAMESPACE_QUEUE"}}}}
[client-debug] 2026-03-02T13:26:11.494Z Deployment created
[client-debug] 2026-03-02T13:26:11.494Z Yielding a 'created' event
Inspect: https://vercel.com/matthew-wendels-projects/boltblue-profit-portal/ByQMe4pBkyndcv3wTCtnu7eezYkr [2s]
Production: https://boltblue-profit-portal-apit0mnhu-matthew-wendels-projects.vercel.app [2s]
https://boltblue-profit-portal-apit0mnhu-matthew-wendels-projects.vercel.app> [debug] [2026-03-02T13:26:11.495Z] Spinner invoked (Building...) with a 0ms delay
> [debug] [2026-03-02T13:26:11.495Z] #9 → GET https://api.vercel.com/v2/user
[client-debug] 2026-03-02T13:26:11.495Z Waiting for deployment to be ready...
[client-debug] 2026-03-02T13:26:11.496Z Waiting for builds and the deployment to complete...
> [debug] [2026-03-02T13:26:11.663Z] #9 ← 200 OK: sfo1::rblnr-1772457971485-1526f57f21fc [168ms]
> [debug] [2026-03-02T13:26:11.665Z] #10 → GET https://api.vercel.com/v3/now/deployments/dpl_ByQMe4pBkyndcv3wTCtnu7eezYkr/events?direction=forward&follow=1&format=lines&teamId=team_XRobSpNDEs8FbQX6O3PHnbsK
[client-debug] 2026-03-02T13:26:13.297Z Deployment state changed to BUILDING
[client-debug] 2026-03-02T13:26:13.297Z Yielding a 'building' event
> [debug] [2026-03-02T13:26:13.297Z] Spinner invoked (Building...) with a 0ms delay
> [debug] [2026-03-02T13:26:14.752Z] #10 ← 200 OK: sfo1::dps6x-1772457971654-828b82b57406 [3.09s]
> [debug] [2026-03-02T13:26:14.754Z] Spinner invoked (Building: Running build in Washington, D.C., USA (East) – iad1) with a 0ms delay
> [debug] [2026-03-02T13:26:14.754Z] Spinner invoked (Building: Build machine configuration: 2 cores, 8 GB) with a 0ms delay
> [debug] [2026-03-02T13:26:14.754Z] Spinner invoked (Building: Retrieving list of deployment files...) with a 0ms delay
> [debug] [2026-03-02T13:26:14.754Z] Spinner invoked (Building: Previous build caches not available.) with a 0ms delay
> [debug] [2026-03-02T13:26:14.754Z] Spinner invoked (Building: Downloading 29 deployment files...) with a 0ms delay
> [debug] [2026-03-02T13:26:16.108Z] Spinner invoked (Building: Running "vercel build") with a 0ms delay
> [debug] [2026-03-02T13:26:16.108Z] Spinner invoked (Building: Vercel CLI 50.23.2) with a 0ms delay
> [debug] [2026-03-02T13:26:16.108Z] Spinner invoked (Building: Installing dependencies...) with a 0ms delay
> [debug] [2026-03-02T13:26:22.884Z] Spinner invoked (Building: npm warn deprecated node-domexception@1.0.0: Use your platform's native DOMException instead) with a 0ms delay
> [debug] [2026-03-02T13:26:24.282Z] Spinner invoked (Building: npm warn deprecated glob@10.5.0: Old versions of glob are not supported, and contain widely publicized security vulnerabilities, which have been fixed in the current version. Please update. Support for old versions may be purchased (at exorbitant rates) by contacting i@izs.me) with a 0ms delay
> [debug] [2026-03-02T13:26:31.584Z] Spinner invoked (Building: added 488 packages in 14s) with a 0ms delay
> [debug] [2026-03-02T13:26:31.584Z] Spinner invoked (Building: 169 packages are looking for funding) with a 0ms delay
> [debug] [2026-03-02T13:26:31.584Z] Spinner invoked (Building: run `npm fund` for details) with a 0ms delay
> [debug] [2026-03-02T13:26:31.584Z] Spinner invoked (Building: Detected Next.js version: 16.1.6) with a 0ms delay
> [debug] [2026-03-02T13:26:31.584Z] Spinner invoked (Building: Running "npm run build") with a 0ms delay
> [debug] [2026-03-02T13:26:31.584Z] Spinner invoked (Building: > boltblue-profit-portal@0.1.0 build) with a 0ms delay
> [debug] [2026-03-02T13:26:31.584Z] Spinner invoked (Building: > next build) with a 0ms delay
> [debug] [2026-03-02T13:26:31.584Z] Spinner invoked (Building: Attention: Next.js now collects completely anonymous telemetry regarding usage.) with a 0ms delay
> [debug] [2026-03-02T13:26:31.584Z] Spinner invoked (Building: This information is used to shape Next.js' roadmap and prioritize features.) with a 0ms delay
> [debug] [2026-03-02T13:26:31.584Z] Spinner invoked (Building: You can learn more, including how to opt-out if you'd not like to participate in this anonymous program, by visiting the following URL:) with a 0ms delay
> [debug] [2026-03-02T13:26:31.584Z] Spinner invoked (Building: https://nextjs.org/telemetry) with a 0ms delay
> [debug] [2026-03-02T13:26:31.584Z] Spinner invoked (Building: ▲ Next.js 16.1.6 (Turbopack)) with a 0ms delay
> [debug] [2026-03-02T13:26:31.584Z] Spinner invoked (Building: ⚠ The "middleware" file convention is deprecated. Please use "proxy" instead. Learn more: https://nextjs.org/docs/messages/middleware-to-proxy) with a 0ms delay
> [debug] [2026-03-02T13:26:31.584Z] Spinner invoked (Building: Creating an optimized production build ...) with a 0ms delay
> [debug] [2026-03-02T13:26:44.977Z] Spinner invoked (Building: ✓ Compiled successfully in 11.7s) with a 0ms delay
> [debug] [2026-03-02T13:26:44.977Z] Spinner invoked (Building: Running TypeScript ...) with a 0ms delay
> [debug] [2026-03-02T13:26:49.273Z] Spinner invoked (Building: Collecting page data using 1 worker ...) with a 0ms delay
> [debug] [2026-03-02T13:26:49.273Z] Spinner invoked (Building: Generating static pages using 1 worker (0/7) ...) with a 0ms delay
> [debug] [2026-03-02T13:26:49.273Z] Spinner invoked (Building: Generating static pages using 1 worker (1/7)) with a 0ms delay
> [debug] [2026-03-02T13:26:49.273Z] Spinner invoked (Building: Error occurred prerendering page "/login". Read more: https://nextjs.org/docs/messages/prerender-error) with a 0ms delay
> [debug] [2026-03-02T13:26:49.273Z] Spinner invoked (Building: Error: @supabase/ssr: Your project's URL and API key are required to create a Supabase client!) with a 0ms delay
> [debug] [2026-03-02T13:26:49.273Z] Spinner invoked (Building: Check your Supabase project's API settings to find these values) with a 0ms delay
> [debug] [2026-03-02T13:26:49.273Z] Spinner invoked (Building: https://supabase.com/dashboard/project/_/settings/api) with a 0ms delay
> [debug] [2026-03-02T13:26:49.273Z] Spinner invoked (Building: at <unknown> (https://supabase.com/dashboard/project/_/settings/api)) with a 0ms delay
> [debug] [2026-03-02T13:26:49.273Z] Spinner invoked (Building: at <unknown> (.next/server/chunks/ssr/_86ab94ec._.js:57:49)) with a 0ms delay
> [debug] [2026-03-02T13:26:49.273Z] Spinner invoked (Building: at module evaluation (.next/server/chunks/ssr/_86ab94ec._.js:61:4544)) with a 0ms delay
> [debug] [2026-03-02T13:26:49.274Z] Spinner invoked (Building: at instantiateModule (.next/server/chunks/ssr/[turbopack]_runtime.js:740:9)) with a 0ms delay
> [debug] [2026-03-02T13:26:49.274Z] Spinner invoked (Building: at getOrInstantiateModuleFromParent (.next/server/chunks/ssr/[turbopack]_runtime.js:763:12)) with a 0ms delay
> [debug] [2026-03-02T13:26:49.274Z] Spinner invoked (Building: at Context.esmImport [as i] (.next/server/chunks/ssr/[turbopack]_runtime.js:228:20)) with a 0ms delay
> [debug] [2026-03-02T13:26:49.274Z] Spinner invoked (Building: at module evaluation (.next/server/chunks/ssr/_8afd6853._.js:4:6469)) with a 0ms delay
> [debug] [2026-03-02T13:26:49.274Z] Spinner invoked (Building: at instantiateModule (.next/server/chunks/ssr/[turbopack]_runtime.js:740:9)) with a 0ms delay
> [debug] [2026-03-02T13:26:49.274Z] Spinner invoked (Building: at getOrInstantiateModuleFromParent (.next/server/chunks/ssr/[turbopack]_runtime.js:763:12)) with a 0ms delay
> [debug] [2026-03-02T13:26:49.274Z] Spinner invoked (Building: at Context.commonJsRequire [as r] (.next/server/chunks/ssr/[turbopack]_runtime.js:249:12) {) with a 0ms delay
> [debug] [2026-03-02T13:26:49.274Z] Spinner invoked (Building: digest: '4102652295') with a 0ms delay
> [debug] [2026-03-02T13:26:49.274Z] Spinner invoked (Building: }) with a 0ms delay
> [debug] [2026-03-02T13:26:49.274Z] Spinner invoked (Building: Export encountered an error on /login/page: /login, exiting the build.) with a 0ms delay
> [debug] [2026-03-02T13:26:49.274Z] Spinner invoked (Building: ⨯ Next.js build worker exited with code: 1 and signal: null) with a 0ms delay
> [debug] [2026-03-02T13:26:49.274Z] Spinner invoked (Building: Error: Command "npm run build" exited with 1) with a 0ms delay
[client-debug] 2026-03-02T13:26:53.798Z Yielding a 'error' event
> [debug] [2026-03-02T13:26:53.802Z] Error: Error: Command "npm run build" exited with 1
Error: Command "npm run build" exited with 1
    at Now.handleDeploymentError (file:///usr/local/share/nvm/versions/node/v24.11.1/lib/node_modules/vercel/dist/chunks/chunk-7PX7XQE5.js:4712:12)
    at processDeployment (file:///usr/local/share/nvm/versions/node/v24.11.1/lib/node_modules/vercel/dist/chunks/chunk-7PX7XQE5.js:4476:33)
    at process.processTicksAndRejections (node:internal/process/task_queues:103:5)
    at async Now.create (file:///usr/local/share/nvm/versions/node/v24.11.1/lib/node_modules/vercel/dist/chunks/chunk-7PX7XQE5.js:4605:24)
    at async createDeploy (file:///usr/local/share/nvm/versions/node/v24.11.1/lib/node_modules/vercel/dist/commands/deploy/index.js:169:12)
    at async handleDefaultDeploy (file:///usr/local/share/nvm/versions/node/v24.11.1/lib/node_modules/vercel/dist/commands/deploy/index.js:1236:18)
    at async main (file:///usr/local/share/nvm/versions/node/v24.11.1/lib/node_modules/vercel/dist/index.js:24076:18)
> [debug] [2026-03-02T13:26:53.802Z] handling error: Error: Command "npm run build" exited with 1
    at Now.handleDeploymentError (file:///usr/local/share/nvm/versions/node/v24.11.1/lib/node_modules/vercel/dist/chunks/chunk-7PX7XQE5.js:4712:12)
    at processDeployment (file:///usr/local/share/nvm/versions/node/v24.11.1/lib/node_modules/vercel/dist/chunks/chunk-7PX7XQE5.js:4476:33)
    at process.processTicksAndRejections (node:internal/process/task_queues:103:5)
    at async Now.create (file:///usr/local/share/nvm/versions/node/v24.11.1/lib/node_modules/vercel/dist/chunks/chunk-7PX7XQE5.js:4605:24)
    at async createDeploy (file:///usr/local/share/nvm/versions/node/v24.11.1/lib/node_modules/vercel/dist/commands/deploy/index.js:169:12)
    at async handleDefaultDeploy (file:///usr/local/share/nvm/versions/node/v24.11.1/lib/node_modules/vercel/dist/commands/deploy/index.js:1236:18)
    at async main (file:///usr/local/share/nvm/versions/node/v24.11.1/lib/node_modules/vercel/dist/index.js:24076:18)
Error: Command "npm run build" exited with 1
> [debug] [2026-03-02T13:26:54.959Z] Telemetry event tracked
> [debug] [2026-03-02T13:26:54.984Z] Telemetry subprocess exited with code 0
